{"uid":"4b4757e66a1912dae1a509f688f20b0f","name":"categories","children":[{"name":"Product defects","children":[{"name":"AssertionError: Unexpected number of products displayed on home page. Expected: 14, Actual: 15\nassert 15 == 14\n +  where 15 = len([<selenium.webdriver.remote.webelement.WebElement (session=\"518ae790-c1ed-4db6-aab9-dcb61aa9bb5b\", element=\"f0a07dcb-07c3-43b3-9722-7fc8d3812214\")>, <selenium.webdriver.remote.webelement.WebElement (session=\"518ae790-c1ed-4db6-aab9-dcb61aa9bb5b\", element=\"bc422657-e678-4f59-9b16-fb8e5fdbbd73\")>, <selenium.webdriver.remote.webelement.WebElement (session=\"518ae790-c1ed-4db6-aab9-dcb61aa9bb5b\", element=\"b2c65924-8118-4590-b992-e234dfd2989b\")>, <selenium.webdriver.remote.webelement.WebElement (session=\"518ae790-c1ed-4db6-aab9-dcb61aa9bb5b\", element=\"942fc4ba-9886-4750-953e-c3af38831e88\")>, <selenium.webdriver.remote.webelement.WebElement (session=\"518ae790-c1ed-4db6-aab9-dcb61aa9bb5b\", element=\"0eab6205-c125-4997-883e-9a17eccbcc55\")>, <selenium.webdriver.remote.webelement.WebElement (session=\"518ae790-c1ed-4db6-aab9-dcb61aa9bb5b\", element=\"ecd2c2a0-8bd4-44f9-a337-f470c0a266b2\")>, ...])","children":[{"name":"test_verify_number_of_products_displayed","uid":"f9bae38b15ca4daf","parentUid":"9575acf71438b2d38cb912557c982cdd","status":"failed","time":{"start":1759700160998,"stop":1759700161282,"duration":284},"flaky":false,"newFailed":false,"newPassed":false,"newBroken":false,"retriesCount":1,"retriesStatusChange":true,"parameters":[],"tags":["home_page","tcid1","feregression","pioneertcid4","fesmoke"]}],"uid":"9575acf71438b2d38cb912557c982cdd"}],"uid":"8fb3a91ba5aaf9de24cc8a92edc82b5d"},{"name":"Test defects","children":[{"name":"selenium.common.exceptions.TimeoutException: Message: Element with locator ('css selector', 'li.woocommerce-MyAccount-navigation-link--customer-logout a') not found after timeout of 5\nStacktrace:\nRemoteError@chrome://remote/content/shared/RemoteError.sys.mjs:8:8\nWebDriverError@chrome://remote/content/shared/webdriver/Errors.sys.mjs:202:5\nNoSuchElementError@chrome://remote/content/shared/webdriver/Errors.sys.mjs:555:5\ndom.find/</<@chrome://remote/content/shared/DOM.sys.mjs:136:16","children":[{"name":"test_change_password","uid":"dfa735f03ef509a2","parentUid":"f68e4e63752e5de34e06137d3b3d6969","status":"broken","time":{"start":1759700205434,"stop":1759700216514,"duration":11080},"flaky":false,"newFailed":false,"newPassed":false,"newBroken":false,"retriesCount":1,"retriesStatusChange":true,"parameters":[],"tags":["my_account2","feregression","efe66","fesmoke"]}],"uid":"f68e4e63752e5de34e06137d3b3d6969"}],"uid":"bdbf199525818fae7a8651db9eafe741"}]}