{"uid":"181c0754263c3221","name":"test_end_to_end_checkout[registered_user]","fullName":"tests.frontend.end_to_end.test_end_to_end_checkout_guest_user.TestEndToEndCheckout#test_end_to_end_checkout","historyId":"a8cf3a7e4488d16df1050e898afee4ac","time":{"start":1760462727680,"stop":1760462740929,"duration":13249},"description":"Validate end-to-end checkout for guest and registered users.\n\nThis test relies on the `setup_fixture` class-scoped fixture, which initializes\nall required page objects.\n\nArgs:\n    user_type (str): The type of user to test with. Can be:\n        * \"guest_user\" – goes through checkout without creating an account.\n        * \"registered_user\" – registers a new account and verifies order history.\n\nAsserts:\n    * A product can be successfully added to the cart.\n    * The coupon is applied and the order total is updated.\n    * An order number is generated upon successful checkout.\n    * For registered users, the order number appears in account history.\n","descriptionHtml":"<p>Validate end-to-end checkout for guest and registered users.</p>\n<p>This test relies on the <code>setup_fixture</code> class-scoped fixture, which initializes<br />\nall required page objects.</p>\n<p>Args:<br />\nuser_type (str): The type of user to test with. Can be:<br />\n* &quot;guest_user&quot; – goes through checkout without creating an account.<br />\n* &quot;registered_user&quot; – registers a new account and verifies order history.</p>\n<p>Asserts:<br />\n* A product can be successfully added to the cart.<br />\n* The coupon is applied and the order total is updated.<br />\n* An order number is generated upon successful checkout.<br />\n* For registered users, the order number appears in account history.</p>\n","status":"broken","statusMessage":"selenium.common.exceptions.TimeoutException: Message: Element with locator = ('css selector', 'div.wc-block-components-totals-item__value'), does not contain text: \"$0.00\", after waiting 5 seconds.","statusTrace":"self = <end_to_end.test_end_to_end_checkout_guest_user.TestEndToEndCheckout object at 0x7f4fe5a6f250>\nuser_type = 'registered_user'\n\n    @pytest.mark.tcid33\n    @pytest.mark.pioneertcid3\n    def test_end_to_end_checkout(self, user_type):\n        \"\"\"Validate end-to-end checkout for guest and registered users.\n    \n        This test relies on the `setup_fixture` class-scoped fixture, which initializes\n        all required page objects.\n    \n        Args:\n            user_type (str): The type of user to test with. Can be:\n                * \"guest_user\" – goes through checkout without creating an account.\n                * \"registered_user\" – registers a new account and verifies order history.\n    \n        Asserts:\n            * A product can be successfully added to the cart.\n            * The coupon is applied and the order total is updated.\n            * An order number is generated upon successful checkout.\n            * For registered users, the order number appears in account history.\n        \"\"\"\n        if user_type == 'registered_user': # create a registered user\n            self.my_acc_so.go_to_my_account()\n            self.registered_email = generate_random_email_and_password()['email']\n            self.my_acc_so.input_register_email(self.registered_email)\n            self.my_acc_so.input_register_password(generate_random_email_and_password()['password'])\n            self.my_acc_so.click_register_button()\n    \n        # go to home page\n        self.home_page.go_to_home_page()\n    \n        # add item to cart\n        self.home_page.click_first_add_to_cart_button()\n    \n        # make sure the cart is updated before going to cart\n        self.header.wait_until_cart_item_count(1)\n    \n        # go to cart\n        self.header.click_on_cart_on_right_header()\n    \n        # verify there are items in the cart\n        product_names = self.cart_page.get_all_product_names_in_cart()\n        assert len(product_names) == 1, f\"Expected 1 product in cart but found {len(product_names)}\"\n    \n        #  apply coupon\n        self.cart_page.click_apply_coupon_arrow()\n        coupon_code = MainConfigs.get_coupon_code('FREE_COUPON')\n        self.cart_page.apply_coupon(coupon_code)\n>       self.cart_page.verify_order_total_is_0()\n\ntests/frontend/end_to_end/test_end_to_end_checkout_guest_user.py:108: \n_ _ _ _ _ _ _ _ _ _ _ _ _ _ _ _ _ _ _ _ _ _ _ _ _ _ _ _ _ _ _ _ _ _ _ _ _ _ _ _ \nsrc/pages/CartPage.py:55: in verify_order_total_is_0\n    self.sl.wait_until_element_contains_text(self.CART_TOTAL, '$0.00')\nsrc/selenium_extended/SeleniumExtended.py:87: in wait_until_element_contains_text\n    WebDriverWait(self.driver, timeout).until(\n_ _ _ _ _ _ _ _ _ _ _ _ _ _ _ _ _ _ _ _ _ _ _ _ _ _ _ _ _ _ _ _ _ _ _ _ _ _ _ _ \n\nself = <selenium.webdriver.support.wait.WebDriverWait (session=\"b3ff2bf9-9989-4ede-889a-9962d5372cfa\")>\nmethod = <function text_to_be_present_in_element.<locals>._predicate at 0x7f4fe598e480>\nmessage = 'Element with locator = (\\'css selector\\', \\'div.wc-block-components-totals-item__value\\'), does not contain text: \"$0.00\", after waiting 5 seconds.'\n\n    def until(self, method: Callable[[D], Union[Literal[False], T]], message: str = \"\") -> T:\n        \"\"\"Wait until the method returns a value that is not False.\n    \n        Calls the method provided with the driver as an argument until the\n        return value does not evaluate to ``False``.\n    \n        Parameters:\n        ----------\n        method: callable(WebDriver)\n            - A callable object that takes a WebDriver instance as an argument.\n    \n        message: str\n            - Optional message for :exc:`TimeoutException`\n    \n        Return:\n        -------\n        object: T\n            - The result of the last call to `method`\n    \n        Raises:\n        -------\n        TimeoutException\n            - If 'method' does not return a truthy value within the WebDriverWait\n            object's timeout\n    \n        Example:\n        --------\n        >>> from selenium.webdriver.common.by import By\n        >>> from selenium.webdriver.support.ui import WebDriverWait\n        >>> from selenium.webdriver.support import expected_conditions as EC\n    \n        # Wait until an element is visible on the page\n        >>> wait = WebDriverWait(driver, 10)\n        >>> element = wait.until(EC.visibility_of_element_located((By.ID, \"exampleId\")))\n        >>> print(element.text)\n        \"\"\"\n        screen = None\n        stacktrace = None\n    \n        end_time = time.monotonic() + self._timeout\n        while True:\n            try:\n                value = method(self._driver)\n                if value:\n                    return value\n            except self._ignored_exceptions as exc:\n                screen = getattr(exc, \"screen\", None)\n                stacktrace = getattr(exc, \"stacktrace\", None)\n            if time.monotonic() > end_time:\n                break\n            time.sleep(self._poll)\n>       raise TimeoutException(message, screen, stacktrace)\nE       selenium.common.exceptions.TimeoutException: Message: Element with locator = ('css selector', 'div.wc-block-components-totals-item__value'), does not contain text: \"$0.00\", after waiting 5 seconds.\n\n/opt/hostedtoolcache/Python/3.13.7/x64/lib/python3.13/site-packages/selenium/webdriver/support/wait.py:146: TimeoutException","flaky":false,"newFailed":false,"newBroken":false,"newPassed":false,"retriesCount":1,"retriesStatusChange":true,"beforeStages":[{"name":"init_driver","time":{"start":1760462710362,"stop":1760462711826,"duration":1464},"status":"passed","steps":[],"attachments":[],"parameters":[],"shouldDisplayMessage":false,"stepsCount":0,"attachmentsCount":0,"hasContent":false,"attachmentStep":false},{"name":"setup_fixture","time":{"start":1760462711827,"stop":1760462711827,"duration":0},"status":"passed","steps":[],"attachments":[],"parameters":[],"shouldDisplayMessage":false,"stepsCount":0,"attachmentsCount":0,"hasContent":false,"attachmentStep":false},{"name":"init_driver","time":{"start":1760462741642,"stop":1760462743085,"duration":1443},"status":"passed","steps":[],"attachments":[],"parameters":[],"shouldDisplayMessage":false,"stepsCount":0,"attachmentsCount":0,"hasContent":false,"attachmentStep":false}],"afterStages":[{"name":"init_driver::0","time":{"start":1760462740982,"stop":1760462741641,"duration":659},"status":"passed","steps":[],"attachments":[],"parameters":[],"shouldDisplayMessage":false,"stepsCount":0,"attachmentsCount":0,"hasContent":false,"attachmentStep":false},{"name":"init_driver::0","time":{"start":1760462744989,"stop":1760462745611,"duration":622},"status":"passed","steps":[],"attachments":[],"parameters":[],"shouldDisplayMessage":false,"stepsCount":0,"attachmentsCount":0,"hasContent":false,"attachmentStep":false}],"labels":[{"name":"tag","value":"pioneertcid3"},{"name":"tag","value":"tcid33"},{"name":"tag","value":"efe124"},{"name":"tag","value":"feregression"},{"name":"tag","value":"end_to_end"},{"name":"parentSuite","value":"tests.frontend.end_to_end"},{"name":"suite","value":"test_end_to_end_checkout_guest_user"},{"name":"subSuite","value":"TestEndToEndCheckout"},{"name":"host","value":"runnervmwhb2z"},{"name":"thread","value":"2630-MainThread"},{"name":"framework","value":"pytest"},{"name":"language","value":"cpython3"},{"name":"package","value":"tests.frontend.end_to_end.test_end_to_end_checkout_guest_user"},{"name":"resultFormat","value":"allure2"}],"parameters":[{"name":"user_type","value":"'registered_user'"}],"links":[],"hidden":false,"retry":false,"extra":{"severity":"normal","retries":[{"uid":"f4412ddf91670ef0","status":"passed","time":{"start":1760462710124,"stop":1760462725605,"duration":15481}}],"categories":[{"name":"Test defects","matchedStatuses":[],"flaky":false}],"tags":["pioneertcid3","feregression","efe124","end_to_end","tcid33"]},"source":"181c0754263c3221.json","parameterValues":["'registered_user'"]}