{"uid":"42163ad659bb7560","name":"test_verify_account_details_match","fullName":"tests.frontend.my_account.test_my_account_signed_in.TestMyAccountSignedIn#test_verify_account_details_match","historyId":"193a709ee23941ec1a28db31dbc69a94","time":{"start":1761243631068,"stop":1761243637586,"duration":6518},"description":"Verify the account email matches the registered user email.\n\nNavigates to 'Account details' and retrieves the email displayed. Validates that\nit matches the registered user's email to ensure data consistency.\n\nArgs:\n    create_registered_user (dict): Fixture providing registered user credentials.\n\nExpected Result:\n    Displayed email equals the registered user's email.\n","descriptionHtml":"<p>Verify the account email matches the registered user email.</p>\n<p>Navigates to 'Account details' and retrieves the email displayed. Validates that<br />\nit matches the registered user's email to ensure data consistency.</p>\n<p>Args:<br />\ncreate_registered_user (dict): Fixture providing registered user credentials.</p>\n<p>Expected Result:<br />\nDisplayed email equals the registered user's email.</p>\n","status":"broken","statusMessage":"selenium.common.exceptions.TimeoutException: Message: Element with locator ('css selector', 'input.woocommerce-Input.woocommerce-Input--email.input-text') not found after timeout of 5\nStacktrace:\nRemoteError@chrome://remote/content/shared/RemoteError.sys.mjs:8:8\nWebDriverError@chrome://remote/content/shared/webdriver/Errors.sys.mjs:202:5\nNoSuchElementError@chrome://remote/content/shared/webdriver/Errors.sys.mjs:555:5\ndom.find/</<@chrome://remote/content/shared/DOM.sys.mjs:136:16","statusTrace":"self = <test_my_account_signed_in.TestMyAccountSignedIn object at 0x7fde327e4d60>\ncreate_registered_user = {'email': 'testuser_gdgawxrdty@supersqa.com', 'password': 'MDbViYmaHwFIgkvtErGV'}\nsetup = None\n\n    @pytest.mark.efe64\n    def test_verify_account_details_match(self, create_registered_user, setup):\n        \"\"\"Verify the account email matches the registered user email.\n    \n        Navigates to 'Account details' and retrieves the email displayed. Validates that\n        it matches the registered user's email to ensure data consistency.\n    \n        Args:\n            create_registered_user (dict): Fixture providing registered user credentials.\n    \n        Expected Result:\n            Displayed email equals the registered user's email.\n        \"\"\"\n        self.myacct.get_side_navigation_menu()\n        self.myacct.go_to_account_details()\n    \n>       email = self.myacct.get_my_acc_details_email()\n\ntests/frontend/my_account/test_my_account_signed_in.py:82: \n_ _ _ _ _ _ _ _ _ _ _ _ _ _ _ _ _ _ _ _ _ _ _ _ _ _ _ _ _ _ _ _ _ _ _ _ _ _ _ _ \nsrc/pages/MyAccountSignedInPage.py:50: in get_my_acc_details_email\n    self.sl.wait_until_element_is_visible(self.EMAIL)\nsrc/selenium_extended/SeleniumExtended.py:108: in wait_until_element_is_visible\n    elem = WebDriverWait(self.driver, timeout).until(\n_ _ _ _ _ _ _ _ _ _ _ _ _ _ _ _ _ _ _ _ _ _ _ _ _ _ _ _ _ _ _ _ _ _ _ _ _ _ _ _ \n\nself = <selenium.webdriver.support.wait.WebDriverWait (session=\"0ccce626-4cc4-4828-8b34-92581ebab3ad\")>\nmethod = <function visibility_of_element_located.<locals>._predicate at 0x7fde32727f60>\nmessage = \"Element with locator ('css selector', 'input.woocommerce-Input.woocommerce-Input--email.input-text') not found after timeout of 5\"\n\n    def until(self, method: Callable[[D], Union[Literal[False], T]], message: str = \"\") -> T:\n        \"\"\"Wait until the method returns a value that is not False.\n    \n        Calls the method provided with the driver as an argument until the\n        return value does not evaluate to ``False``.\n    \n        Parameters:\n        ----------\n        method: callable(WebDriver)\n            - A callable object that takes a WebDriver instance as an argument.\n    \n        message: str\n            - Optional message for :exc:`TimeoutException`\n    \n        Return:\n        -------\n        object: T\n            - The result of the last call to `method`\n    \n        Raises:\n        -------\n        TimeoutException\n            - If 'method' does not return a truthy value within the WebDriverWait\n            object's timeout\n    \n        Example:\n        --------\n        >>> from selenium.webdriver.common.by import By\n        >>> from selenium.webdriver.support.ui import WebDriverWait\n        >>> from selenium.webdriver.support import expected_conditions as EC\n    \n        # Wait until an element is visible on the page\n        >>> wait = WebDriverWait(driver, 10)\n        >>> element = wait.until(EC.visibility_of_element_located((By.ID, \"exampleId\")))\n        >>> print(element.text)\n        \"\"\"\n        screen = None\n        stacktrace = None\n    \n        end_time = time.monotonic() + self._timeout\n        while True:\n            try:\n                value = method(self._driver)\n                if value:\n                    return value\n            except self._ignored_exceptions as exc:\n                screen = getattr(exc, \"screen\", None)\n                stacktrace = getattr(exc, \"stacktrace\", None)\n            if time.monotonic() > end_time:\n                break\n            time.sleep(self._poll)\n>       raise TimeoutException(message, screen, stacktrace)\nE       selenium.common.exceptions.TimeoutException: Message: Element with locator ('css selector', 'input.woocommerce-Input.woocommerce-Input--email.input-text') not found after timeout of 5\nE       Stacktrace:\nE       RemoteError@chrome://remote/content/shared/RemoteError.sys.mjs:8:8\nE       WebDriverError@chrome://remote/content/shared/webdriver/Errors.sys.mjs:202:5\nE       NoSuchElementError@chrome://remote/content/shared/webdriver/Errors.sys.mjs:555:5\nE       dom.find/</<@chrome://remote/content/shared/DOM.sys.mjs:136:16\n\n/opt/hostedtoolcache/Python/3.13.7/x64/lib/python3.13/site-packages/selenium/webdriver/support/wait.py:146: TimeoutException","flaky":false,"newFailed":false,"newBroken":false,"newPassed":false,"retriesCount":1,"retriesStatusChange":true,"beforeStages":[{"name":"init_driver","time":{"start":1761243624201,"stop":1761243625676,"duration":1475},"status":"passed","steps":[],"attachments":[],"parameters":[],"shouldDisplayMessage":false,"stepsCount":0,"attachmentsCount":0,"hasContent":false,"attachmentStep":false},{"name":"create_registered_user","time":{"start":1761243625676,"stop":1761243628247,"duration":2571},"status":"passed","steps":[],"attachments":[],"parameters":[],"shouldDisplayMessage":false,"stepsCount":0,"attachmentsCount":0,"hasContent":false,"attachmentStep":false},{"name":"setup","time":{"start":1761243628247,"stop":1761243628247,"duration":0},"status":"passed","steps":[],"attachments":[],"parameters":[],"shouldDisplayMessage":false,"stepsCount":0,"attachmentsCount":0,"hasContent":false,"attachmentStep":false}],"afterStages":[{"name":"init_driver::0","time":{"start":1761243642657,"stop":1761243643287,"duration":630},"status":"passed","steps":[],"attachments":[],"parameters":[],"shouldDisplayMessage":false,"stepsCount":0,"attachmentsCount":0,"hasContent":false,"attachmentStep":false}],"labels":[{"name":"tag","value":"efe64"},{"name":"tag","value":"feregression"},{"name":"tag","value":"fesmoke"},{"name":"tag","value":"my_account2"},{"name":"parentSuite","value":"tests.frontend.my_account"},{"name":"suite","value":"test_my_account_signed_in"},{"name":"subSuite","value":"TestMyAccountSignedIn"},{"name":"host","value":"runnervmwhb2z"},{"name":"thread","value":"2703-MainThread"},{"name":"framework","value":"pytest"},{"name":"language","value":"cpython3"},{"name":"package","value":"tests.frontend.my_account.test_my_account_signed_in"},{"name":"resultFormat","value":"allure2"}],"parameters":[],"links":[],"hidden":false,"retry":false,"extra":{"severity":"normal","retries":[{"uid":"22d1d09223d9a45","status":"passed","time":{"start":1761243597115,"stop":1761243598556,"duration":1441}}],"categories":[{"name":"Test defects","matchedStatuses":[],"flaky":false}],"tags":["my_account2","feregression","fesmoke","efe64"]},"source":"42163ad659bb7560.json","parameterValues":[]}