{"uid":"47f291f2ded233a8","name":"test_lost_password_link_registered_email","fullName":"tests.frontend.my_account.test_lost_password.TestForgotPassword#test_lost_password_link_registered_email","historyId":"d47a093768d552562de9cd71917b5dcd","time":{"start":1759614484233,"stop":1759614493168,"duration":8935},"description":"Verify 'Lost your password?' link for registered email.\n\nSteps:\n    1. Log out of registered user session.\n    2. Click the lost password link.\n    3. Input the registered email.\n    4. Verify password reset confirmation is displayed.\n","descriptionHtml":"<p>Verify 'Lost your password?' link for registered email.</p>\n<p>Steps:<br />\n1. Log out of registered user session.<br />\n2. Click the lost password link.<br />\n3. Input the registered email.<br />\n4. Verify password reset confirmation is displayed.</p>\n","status":"broken","statusMessage":"selenium.common.exceptions.TimeoutException: Message: Element with locator = ('css selector', 'div.woocommerce-message'), does not contain text: \"Password reset email has been sent.\", after waiting 5 seconds.\nStacktrace:\nRemoteError@chrome://remote/content/shared/RemoteError.sys.mjs:8:8\nWebDriverError@chrome://remote/content/shared/webdriver/Errors.sys.mjs:202:5\nNoSuchElementError@chrome://remote/content/shared/webdriver/Errors.sys.mjs:555:5\ndom.find/</<@chrome://remote/content/shared/DOM.sys.mjs:136:16","statusTrace":"self = <test_lost_password.TestForgotPassword object at 0x7f72c28434d0>\ncreate_registered_user = {'email': 'testuser_auqepihrzu@supersqa.com', 'password': 'kqhblIqOmkBXiSyPUGUi'}\ngo_to_my_acct = None\n\n    @pytest.mark.efe47\n    def test_lost_password_link_registered_email(self, create_registered_user, go_to_my_acct):\n        \"\"\"Verify 'Lost your password?' link for registered email.\n    \n        Steps:\n            1. Log out of registered user session.\n            2. Click the lost password link.\n            3. Input the registered email.\n            4. Verify password reset confirmation is displayed.\n        \"\"\"\n        my_acct_si = MyAccountSignedInPage(self.driver)\n    \n        # fixture creates a registered user, then verifies user on my acc signed in page\n        # must log out to see 'lost password' link\n        my_acct_si.click_logout()\n    \n        # click on 'lost password' link and verify reset password page loaded\n        self.my_acct_page.click_on_lost_password_link()\n        self.my_acct_page.verify_on_password_reset_page()\n    \n        # input email to reset password\n        email = create_registered_user['email']\n        self.my_acct_page.input_email_to_reset_password(email)\n    \n>       self.my_acct_page.verify_password_reset_sent()  # registered user gets confirmation\n\ntests/frontend/my_account/test_lost_password.py:79: \n_ _ _ _ _ _ _ _ _ _ _ _ _ _ _ _ _ _ _ _ _ _ _ _ _ _ _ _ _ _ _ _ _ _ _ _ _ _ _ _ \nsrc/pages/MyAccountSignedOutPage.py:62: in verify_password_reset_sent\n    self.sl.wait_until_element_contains_text(self.PASSWORD_RESET_SENT_MSG, 'Password reset email has been sent.')\nsrc/selenium_extended/SeleniumExtended.py:87: in wait_until_element_contains_text\n    WebDriverWait(self.driver, timeout).until(\n_ _ _ _ _ _ _ _ _ _ _ _ _ _ _ _ _ _ _ _ _ _ _ _ _ _ _ _ _ _ _ _ _ _ _ _ _ _ _ _ \n\nself = <selenium.webdriver.support.wait.WebDriverWait (session=\"4bfb77f3-30e8-4f0d-8d33-f0e3229883b7\")>\nmethod = <function text_to_be_present_in_element.<locals>._predicate at 0x7f72c27237e0>\nmessage = 'Element with locator = (\\'css selector\\', \\'div.woocommerce-message\\'), does not contain text: \"Password reset email has been sent.\", after waiting 5 seconds.'\n\n    def until(self, method: Callable[[D], Union[Literal[False], T]], message: str = \"\") -> T:\n        \"\"\"Wait until the method returns a value that is not False.\n    \n        Calls the method provided with the driver as an argument until the\n        return value does not evaluate to ``False``.\n    \n        Parameters:\n        ----------\n        method: callable(WebDriver)\n            - A callable object that takes a WebDriver instance as an argument.\n    \n        message: str\n            - Optional message for :exc:`TimeoutException`\n    \n        Return:\n        -------\n        object: T\n            - The result of the last call to `method`\n    \n        Raises:\n        -------\n        TimeoutException\n            - If 'method' does not return a truthy value within the WebDriverWait\n            object's timeout\n    \n        Example:\n        --------\n        >>> from selenium.webdriver.common.by import By\n        >>> from selenium.webdriver.support.ui import WebDriverWait\n        >>> from selenium.webdriver.support import expected_conditions as EC\n    \n        # Wait until an element is visible on the page\n        >>> wait = WebDriverWait(driver, 10)\n        >>> element = wait.until(EC.visibility_of_element_located((By.ID, \"exampleId\")))\n        >>> print(element.text)\n        \"\"\"\n        screen = None\n        stacktrace = None\n    \n        end_time = time.monotonic() + self._timeout\n        while True:\n            try:\n                value = method(self._driver)\n                if value:\n                    return value\n            except self._ignored_exceptions as exc:\n                screen = getattr(exc, \"screen\", None)\n                stacktrace = getattr(exc, \"stacktrace\", None)\n            if time.monotonic() > end_time:\n                break\n            time.sleep(self._poll)\n>       raise TimeoutException(message, screen, stacktrace)\nE       selenium.common.exceptions.TimeoutException: Message: Element with locator = ('css selector', 'div.woocommerce-message'), does not contain text: \"Password reset email has been sent.\", after waiting 5 seconds.\nE       Stacktrace:\nE       RemoteError@chrome://remote/content/shared/RemoteError.sys.mjs:8:8\nE       WebDriverError@chrome://remote/content/shared/webdriver/Errors.sys.mjs:202:5\nE       NoSuchElementError@chrome://remote/content/shared/webdriver/Errors.sys.mjs:555:5\nE       dom.find/</<@chrome://remote/content/shared/DOM.sys.mjs:136:16\n\n/opt/hostedtoolcache/Python/3.13.7/x64/lib/python3.13/site-packages/selenium/webdriver/support/wait.py:146: TimeoutException","flaky":false,"newFailed":false,"newBroken":false,"newPassed":false,"retriesCount":1,"retriesStatusChange":true,"beforeStages":[{"name":"init_driver","time":{"start":1759614477797,"stop":1759614479259,"duration":1462},"status":"passed","steps":[],"attachments":[],"parameters":[],"shouldDisplayMessage":false,"stepsCount":0,"attachmentsCount":0,"hasContent":false,"attachmentStep":false},{"name":"go_to_my_acct","time":{"start":1759614479259,"stop":1759614479693,"duration":434},"status":"passed","steps":[],"attachments":[],"parameters":[],"shouldDisplayMessage":false,"stepsCount":0,"attachmentsCount":0,"hasContent":false,"attachmentStep":false},{"name":"create_registered_user","time":{"start":1759614482313,"stop":1759614484233,"duration":1920},"status":"passed","steps":[],"attachments":[],"parameters":[],"shouldDisplayMessage":false,"stepsCount":0,"attachmentsCount":0,"hasContent":false,"attachmentStep":false},{"name":"init_driver","time":{"start":1759614493841,"stop":1759614495313,"duration":1472},"status":"passed","steps":[],"attachments":[],"parameters":[],"shouldDisplayMessage":false,"stepsCount":0,"attachmentsCount":0,"hasContent":false,"attachmentStep":false}],"afterStages":[{"name":"init_driver::0","time":{"start":1759614493204,"stop":1759614493839,"duration":635},"status":"passed","steps":[],"attachments":[],"parameters":[],"shouldDisplayMessage":false,"stepsCount":0,"attachmentsCount":0,"hasContent":false,"attachmentStep":false},{"name":"init_driver::0","time":{"start":1759614503549,"stop":1759614504189,"duration":640},"status":"passed","steps":[],"attachments":[],"parameters":[],"shouldDisplayMessage":false,"stepsCount":0,"attachmentsCount":0,"hasContent":false,"attachmentStep":false}],"labels":[{"name":"tag","value":"efe47"},{"name":"tag","value":"feregression"},{"name":"tag","value":"fesmoke"},{"name":"tag","value":"my_account123"},{"name":"parentSuite","value":"tests.frontend.my_account"},{"name":"suite","value":"test_lost_password"},{"name":"subSuite","value":"TestForgotPassword"},{"name":"host","value":"runnervmwhb2z"},{"name":"thread","value":"2740-MainThread"},{"name":"framework","value":"pytest"},{"name":"language","value":"cpython3"},{"name":"package","value":"tests.frontend.my_account.test_lost_password"},{"name":"resultFormat","value":"allure2"}],"parameters":[],"links":[],"hidden":false,"retry":false,"extra":{"severity":"normal","retries":[{"uid":"9a38fa24709edc0a","status":"passed","time":{"start":1759614464622,"stop":1759614468617,"duration":3995}}],"categories":[{"name":"Test defects","matchedStatuses":[],"flaky":false}],"tags":["my_account123","efe47","feregression","fesmoke"]},"source":"47f291f2ded233a8.json","parameterValues":[]}