{"uid":"b00c706d97f1d5cc","name":"test_change_password_neg[missing current password]","fullName":"tests.frontend.my_account.test_my_account_signed_in_neg.TestMyAccountSignedInNeg#test_change_password_neg","historyId":"b08bf91bb3c5523ef54ed6a7a05bee97","time":{"start":1760467956212,"stop":1760467962707,"duration":6495},"description":"Verify validation errors appear when required fields are missing.\n\nThis test covers negative password change scenarios, confirming\nthat the process fails gracefully when specific fields are left blank.\n\nArgs:\n    missing_field (str): Specifies which field to leave blank. Accepted values:\n        - \"name\"\n        - \"current_password\"\n        - \"confirm_password\"\n\nAssertions:\n    - Verifies that the success message is not displayed.\n    - Ensures the correct error message appears when a field is missing.\n\nRaises:\n    AssertionError: If the success message is displayed despite a missing field.\n","descriptionHtml":"<p>Verify validation errors appear when required fields are missing.</p>\n<p>This test covers negative password change scenarios, confirming<br />\nthat the process fails gracefully when specific fields are left blank.</p>\n<p>Args:<br />\nmissing_field (str): Specifies which field to leave blank. Accepted values:<br />\n- &quot;name&quot;<br />\n- &quot;current_password&quot;<br />\n- &quot;confirm_password&quot;</p>\n<p>Assertions:<br />\n- Verifies that the success message is not displayed.<br />\n- Ensures the correct error message appears when a field is missing.</p>\n<p>Raises:<br />\nAssertionError: If the success message is displayed despite a missing field.</p>\n","status":"broken","statusMessage":"selenium.common.exceptions.TimeoutException: Message: Element with locator ('id', 'account_first_name') not found after timeout of 5\nStacktrace:\n#0 0x55af6376d33a <unknown>\n#1 0x55af631eb6e6 <unknown>\n#2 0x55af6323d854 <unknown>\n#3 0x55af6323daf1 <unknown>\n#4 0x55af6328c024 <unknown>\n#5 0x55af6326380d <unknown>\n#6 0x55af632894b8 <unknown>\n#7 0x55af632635b3 <unknown>\n#8 0x55af6322fcc2 <unknown>\n#9 0x55af63230981 <unknown>\n#10 0x55af6372fba8 <unknown>\n#11 0x55af63733a17 <unknown>\n#12 0x55af637170c9 <unknown>\n#13 0x55af637345c5 <unknown>\n#14 0x55af636fc90f <unknown>\n#15 0x55af63759898 <unknown>\n#16 0x55af63759a73 <unknown>\n#17 0x55af6376c2d3 <unknown>\n#18 0x7fb64912daa4 <unknown>\n#19 0x7fb6491baa64 __clone","statusTrace":"self = <test_my_account_signed_in_neg.TestMyAccountSignedInNeg object at 0x7fcc343e50f0>\nmissing_field = 'current_password'\n\n    @pytest.mark.neg\n    @pytest.mark.parametrize(\n        \"missing_field\",\n        [\n            pytest.param(\"confirm_password\", marks=pytest.mark.efe67, id=\"missing confirm password\"),\n            pytest.param(\"name\", marks=pytest.mark.efe68, id=\"missing name\"),\n            pytest.param(\"current_password\", marks=pytest.mark.efe69, id=\"missing current password\")\n        ]\n    )\n    def test_change_password_neg(self, missing_field):\n        \"\"\"Verify validation errors appear when required fields are missing.\n    \n        This test covers negative password change scenarios, confirming\n        that the process fails gracefully when specific fields are left blank.\n    \n        Args:\n            missing_field (str): Specifies which field to leave blank. Accepted values:\n                - \"name\"\n                - \"current_password\"\n                - \"confirm_password\"\n    \n        Assertions:\n            - Verifies that the success message is not displayed.\n            - Ensures the correct error message appears when a field is missing.\n    \n        Raises:\n            AssertionError: If the success message is displayed despite a missing field.\n        \"\"\"\n        # go to account details\n        self.myacct.get_side_navigation_menu()\n        self.myacct.go_to_account_details()\n    \n        # input name fields (leave blank for missing name)\n        f_name = '' if missing_field == 'name' else 'John'\n        l_name = '' if missing_field == 'name' else 'Doe'\n>       self.myacct.input_first_name(f_name)\n\ntests/frontend/my_account/test_my_account_signed_in_neg.py:64: \n_ _ _ _ _ _ _ _ _ _ _ _ _ _ _ _ _ _ _ _ _ _ _ _ _ _ _ _ _ _ _ _ _ _ _ _ _ _ _ _ \nsrc/pages/MyAccountSignedInPage.py:55: in input_first_name\n    self.sl.wait_until_element_is_visible(self.FIRST_NAME)\nsrc/selenium_extended/SeleniumExtended.py:108: in wait_until_element_is_visible\n    elem = WebDriverWait(self.driver, timeout).until(\n_ _ _ _ _ _ _ _ _ _ _ _ _ _ _ _ _ _ _ _ _ _ _ _ _ _ _ _ _ _ _ _ _ _ _ _ _ _ _ _ \n\nself = <selenium.webdriver.support.wait.WebDriverWait (session=\"c38d0ea10250ab1db106a15f1107283a\")>\nmethod = <function visibility_of_element_located.<locals>._predicate at 0x7fcc34312ca0>\nmessage = \"Element with locator ('id', 'account_first_name') not found after timeout of 5\"\n\n    def until(self, method: Callable[[D], Union[Literal[False], T]], message: str = \"\") -> T:\n        \"\"\"Wait until the method returns a value that is not False.\n    \n        Calls the method provided with the driver as an argument until the\n        return value does not evaluate to ``False``.\n    \n        Parameters:\n        ----------\n        method: callable(WebDriver)\n            - A callable object that takes a WebDriver instance as an argument.\n    \n        message: str\n            - Optional message for :exc:`TimeoutException`\n    \n        Return:\n        -------\n        object: T\n            - The result of the last call to `method`\n    \n        Raises:\n        -------\n        TimeoutException\n            - If 'method' does not return a truthy value within the WebDriverWait\n            object's timeout\n    \n        Example:\n        --------\n        >>> from selenium.webdriver.common.by import By\n        >>> from selenium.webdriver.support.ui import WebDriverWait\n        >>> from selenium.webdriver.support import expected_conditions as EC\n    \n        # Wait until an element is visible on the page\n        >>> wait = WebDriverWait(driver, 10)\n        >>> element = wait.until(EC.visibility_of_element_located((By.ID, \"exampleId\")))\n        >>> print(element.text)\n        \"\"\"\n        screen = None\n        stacktrace = None\n    \n        end_time = time.monotonic() + self._timeout\n        while True:\n            try:\n                value = method(self._driver)\n                if value:\n                    return value\n            except self._ignored_exceptions as exc:\n                screen = getattr(exc, \"screen\", None)\n                stacktrace = getattr(exc, \"stacktrace\", None)\n            if time.monotonic() > end_time:\n                break\n            time.sleep(self._poll)\n>       raise TimeoutException(message, screen, stacktrace)\nE       selenium.common.exceptions.TimeoutException: Message: Element with locator ('id', 'account_first_name') not found after timeout of 5\nE       Stacktrace:\nE       #0 0x55af6376d33a <unknown>\nE       #1 0x55af631eb6e6 <unknown>\nE       #2 0x55af6323d854 <unknown>\nE       #3 0x55af6323daf1 <unknown>\nE       #4 0x55af6328c024 <unknown>\nE       #5 0x55af6326380d <unknown>\nE       #6 0x55af632894b8 <unknown>\nE       #7 0x55af632635b3 <unknown>\nE       #8 0x55af6322fcc2 <unknown>\nE       #9 0x55af63230981 <unknown>\nE       #10 0x55af6372fba8 <unknown>\nE       #11 0x55af63733a17 <unknown>\nE       #12 0x55af637170c9 <unknown>\nE       #13 0x55af637345c5 <unknown>\nE       #14 0x55af636fc90f <unknown>\nE       #15 0x55af63759898 <unknown>\nE       #16 0x55af63759a73 <unknown>\nE       #17 0x55af6376c2d3 <unknown>\nE       #18 0x7fb64912daa4 <unknown>\nE       #19 0x7fb6491baa64 __clone\n\n/opt/hostedtoolcache/Python/3.13.7/x64/lib/python3.13/site-packages/selenium/webdriver/support/wait.py:146: TimeoutException","flaky":false,"newFailed":false,"newBroken":false,"newPassed":false,"retriesCount":0,"retriesStatusChange":false,"beforeStages":[{"name":"init_driver","time":{"start":1760467946262,"stop":1760467946573,"duration":311},"status":"passed","steps":[],"attachments":[],"parameters":[],"shouldDisplayMessage":false,"stepsCount":0,"attachmentsCount":0,"hasContent":false,"attachmentStep":false},{"name":"create_registered_user","time":{"start":1760467946573,"stop":1760467949734,"duration":3161},"status":"passed","steps":[],"attachments":[],"parameters":[],"shouldDisplayMessage":false,"stepsCount":0,"attachmentsCount":0,"hasContent":false,"attachmentStep":false},{"name":"setup","time":{"start":1760467949734,"stop":1760467949734,"duration":0},"status":"passed","steps":[],"attachments":[],"parameters":[],"shouldDisplayMessage":false,"stepsCount":0,"attachmentsCount":0,"hasContent":false,"attachmentStep":false}],"afterStages":[{"name":"init_driver::0","time":{"start":1760467962716,"stop":1760467962796,"duration":80},"status":"passed","steps":[],"attachments":[],"parameters":[],"shouldDisplayMessage":false,"stepsCount":0,"attachmentsCount":0,"hasContent":false,"attachmentStep":false}],"labels":[{"name":"tag","value":"neg"},{"name":"tag","value":"efe69"},{"name":"tag","value":"feregression"},{"name":"tag","value":"my_account_neg"},{"name":"parentSuite","value":"tests.frontend.my_account"},{"name":"suite","value":"test_my_account_signed_in_neg"},{"name":"subSuite","value":"TestMyAccountSignedInNeg"},{"name":"host","value":"runnervmwhb2z"},{"name":"thread","value":"2654-MainThread"},{"name":"framework","value":"pytest"},{"name":"language","value":"cpython3"},{"name":"package","value":"tests.frontend.my_account.test_my_account_signed_in_neg"},{"name":"resultFormat","value":"allure2"}],"parameters":[{"name":"missing_field","value":"'current_password'"}],"links":[],"hidden":true,"retry":true,"extra":{"categories":[],"tags":["neg","my_account_neg","efe69","feregression"]},"source":"b00c706d97f1d5cc.json","parameterValues":["'current_password'"]}