{"uid":"e4adcd4a8528384c","name":"test_end_to_end_checkout[registered_user]","fullName":"tests.frontend.end_to_end.test_end_to_end_checkout_guest_user.TestEndToEndCheckout#test_end_to_end_checkout","historyId":"a8cf3a7e4488d16df1050e898afee4ac","time":{"start":1759251035125,"stop":1759251055311,"duration":20186},"description":"Validate end-to-end checkout for guest and registered users.\n\nThis test relies on the `setup_fixture` class-scoped fixture, which initializes\nall required page objects.\n\nArgs:\n    user_type (str): The type of user to test with. Can be:\n        * \"guest_user\" – goes through checkout without creating an account.\n        * \"registered_user\" – registers a new account and verifies order history.\n\nAsserts:\n    * A product can be successfully added to the cart.\n    * The coupon is applied and the order total is updated.\n    * An order number is generated upon successful checkout.\n    * For registered users, the order number appears in account history.\n","descriptionHtml":"<p>Validate end-to-end checkout for guest and registered users.</p>\n<p>This test relies on the <code>setup_fixture</code> class-scoped fixture, which initializes<br />\nall required page objects.</p>\n<p>Args:<br />\nuser_type (str): The type of user to test with. Can be:<br />\n* &quot;guest_user&quot; – goes through checkout without creating an account.<br />\n* &quot;registered_user&quot; – registers a new account and verifies order history.</p>\n<p>Asserts:<br />\n* A product can be successfully added to the cart.<br />\n* The coupon is applied and the order total is updated.<br />\n* An order number is generated upon successful checkout.<br />\n* For registered users, the order number appears in account history.</p>\n","status":"broken","statusMessage":"selenium.common.exceptions.TimeoutException: Message: \nStacktrace:\n#0 0x55d079448fba <unknown>\n#1 0x55d078ecd6d0 <unknown>\n#2 0x55d078f1f2aa <unknown>\n#3 0x55d078f1f541 <unknown>\n#4 0x55d078f6d6c4 <unknown>\n#5 0x55d078f44e5d <unknown>\n#6 0x55d078f6ab54 <unknown>\n#7 0x55d078f44c03 <unknown>\n#8 0x55d078f117a8 <unknown>\n#9 0x55d078f12421 <unknown>\n#10 0x55d07940db28 <unknown>\n#11 0x55d07941187f <unknown>\n#12 0x55d0793f5c49 <unknown>\n#13 0x55d079412405 <unknown>\n#14 0x55d0793db4ff <unknown>\n#15 0x55d079436258 <unknown>\n#16 0x55d079436432 <unknown>\n#17 0x55d079447fa3 <unknown>\n#18 0x7f4983ddeaa4 <unknown>\n#19 0x7f4983e6ba64 __clone","statusTrace":"self = <end_to_end.test_end_to_end_checkout_guest_user.TestEndToEndCheckout object at 0x7fa94af8e710>\nuser_type = 'registered_user'\n\n    @pytest.mark.tcid33\n    @pytest.mark.pioneertcid3\n    def test_end_to_end_checkout(self, user_type):\n        \"\"\"Validate end-to-end checkout for guest and registered users.\n    \n        This test relies on the `setup_fixture` class-scoped fixture, which initializes\n        all required page objects.\n    \n        Args:\n            user_type (str): The type of user to test with. Can be:\n                * \"guest_user\" – goes through checkout without creating an account.\n                * \"registered_user\" – registers a new account and verifies order history.\n    \n        Asserts:\n            * A product can be successfully added to the cart.\n            * The coupon is applied and the order total is updated.\n            * An order number is generated upon successful checkout.\n            * For registered users, the order number appears in account history.\n        \"\"\"\n        if user_type == 'registered_user': # create a registered user\n            self.my_acc_so.go_to_my_account()\n            self.registered_email = generate_random_email_and_password()['email']\n            self.my_acc_so.input_register_email(self.registered_email)\n            self.my_acc_so.input_register_password(generate_random_email_and_password()['password'])\n            self.my_acc_so.click_register_button()\n    \n        # go to home page\n        self.home_page.go_to_home_page()\n    \n        # add item to cart\n        self.home_page.click_first_add_to_cart_button()\n    \n        # make sure the cart is updated before going to cart\n        self.header.wait_until_cart_item_count(1)\n    \n        # go to cart\n        self.header.click_on_cart_on_right_header()\n    \n        # verify there are items in the cart\n        product_names = self.cart_page.get_all_product_names_in_cart()\n        assert len(product_names) == 1, f\"Expected 1 product in cart but found {len(product_names)}\"\n    \n        #  apply coupon\n        self.cart_page.click_apply_coupon_arrow()\n        coupon_code = MainConfigs.get_coupon_code('FREE_COUPON')\n        self.cart_page.apply_coupon(coupon_code)\n        self.cart_page.verify_order_total_is_0()\n    \n        # proceed to checkout\n        self.cart_page.click_on_proceed_to_checkout()\n    \n        # fill in checkout form\n        if user_type == 'registered_user':\n            self.checkout_page.fill_in_billing_info()\n        else:\n            self.checkout_page.fill_in_billing_info()\n    \n        # submit\n        self.checkout_page.click_place_order()\n        self.checkout_page.click_place_order()\n    \n        # verify order is placed\n        self.order_received.verify_order_received_page_loaded()\n        order_number = self.order_received.get_order_number()\n    \n        logger.info(f\"Created order with order number: {order_number}\")\n    \n        # if registered user, go to orders page to verify order exists\n        if user_type == 'registered_user':\n            self.my_acc_so.go_to_my_account()\n>           self.my_acc_si.go_to_orders()\n\ntests/frontend/end_to_end/test_end_to_end_checkout_guest_user.py:132: \n_ _ _ _ _ _ _ _ _ _ _ _ _ _ _ _ _ _ _ _ _ _ _ _ _ _ _ _ _ _ _ _ _ _ _ _ _ _ _ _ \nsrc/pages/MyAccountSignedInPage.py:29: in go_to_orders\n    self.sl.wait_and_click(self.ORDERS)\nsrc/selenium_extended/SeleniumExtended.py:60: in wait_and_click\n    element = WebDriverWait(self.driver, timeout).until(\n_ _ _ _ _ _ _ _ _ _ _ _ _ _ _ _ _ _ _ _ _ _ _ _ _ _ _ _ _ _ _ _ _ _ _ _ _ _ _ _ \n\nself = <selenium.webdriver.support.wait.WebDriverWait (session=\"4f4330bd7ea897b2e214bf8067a17a46\")>\nmethod = <function element_to_be_clickable.<locals>._predicate at 0x7fa94b03efc0>\nmessage = ''\n\n    def until(self, method: Callable[[D], Union[Literal[False], T]], message: str = \"\") -> T:\n        \"\"\"Wait until the method returns a value that is not False.\n    \n        Calls the method provided with the driver as an argument until the\n        return value does not evaluate to ``False``.\n    \n        Parameters:\n        ----------\n        method: callable(WebDriver)\n            - A callable object that takes a WebDriver instance as an argument.\n    \n        message: str\n            - Optional message for :exc:`TimeoutException`\n    \n        Return:\n        -------\n        object: T\n            - The result of the last call to `method`\n    \n        Raises:\n        -------\n        TimeoutException\n            - If 'method' does not return a truthy value within the WebDriverWait\n            object's timeout\n    \n        Example:\n        --------\n        >>> from selenium.webdriver.common.by import By\n        >>> from selenium.webdriver.support.ui import WebDriverWait\n        >>> from selenium.webdriver.support import expected_conditions as EC\n    \n        # Wait until an element is visible on the page\n        >>> wait = WebDriverWait(driver, 10)\n        >>> element = wait.until(EC.visibility_of_element_located((By.ID, \"exampleId\")))\n        >>> print(element.text)\n        \"\"\"\n        screen = None\n        stacktrace = None\n    \n        end_time = time.monotonic() + self._timeout\n        while True:\n            try:\n                value = method(self._driver)\n                if value:\n                    return value\n            except self._ignored_exceptions as exc:\n                screen = getattr(exc, \"screen\", None)\n                stacktrace = getattr(exc, \"stacktrace\", None)\n            if time.monotonic() > end_time:\n                break\n            time.sleep(self._poll)\n>       raise TimeoutException(message, screen, stacktrace)\nE       selenium.common.exceptions.TimeoutException: Message: \nE       Stacktrace:\nE       #0 0x55d079448fba <unknown>\nE       #1 0x55d078ecd6d0 <unknown>\nE       #2 0x55d078f1f2aa <unknown>\nE       #3 0x55d078f1f541 <unknown>\nE       #4 0x55d078f6d6c4 <unknown>\nE       #5 0x55d078f44e5d <unknown>\nE       #6 0x55d078f6ab54 <unknown>\nE       #7 0x55d078f44c03 <unknown>\nE       #8 0x55d078f117a8 <unknown>\nE       #9 0x55d078f12421 <unknown>\nE       #10 0x55d07940db28 <unknown>\nE       #11 0x55d07941187f <unknown>\nE       #12 0x55d0793f5c49 <unknown>\nE       #13 0x55d079412405 <unknown>\nE       #14 0x55d0793db4ff <unknown>\nE       #15 0x55d079436258 <unknown>\nE       #16 0x55d079436432 <unknown>\nE       #17 0x55d079447fa3 <unknown>\nE       #18 0x7f4983ddeaa4 <unknown>\nE       #19 0x7f4983e6ba64 __clone\n\n/opt/hostedtoolcache/Python/3.13.7/x64/lib/python3.13/site-packages/selenium/webdriver/support/wait.py:146: TimeoutException","flaky":false,"newFailed":false,"newBroken":false,"newPassed":false,"retriesCount":0,"retriesStatusChange":false,"beforeStages":[{"name":"init_driver","time":{"start":1759251021938,"stop":1759251022261,"duration":323},"status":"passed","steps":[],"attachments":[],"parameters":[],"shouldDisplayMessage":false,"stepsCount":0,"attachmentsCount":0,"hasContent":false,"attachmentStep":false},{"name":"setup_fixture","time":{"start":1759251022261,"stop":1759251022261,"duration":0},"status":"passed","steps":[],"attachments":[],"parameters":[],"shouldDisplayMessage":false,"stepsCount":0,"attachmentsCount":0,"hasContent":false,"attachmentStep":false},{"name":"init_driver","time":{"start":1759251055437,"stop":1759251055768,"duration":331},"status":"passed","steps":[],"attachments":[],"parameters":[],"shouldDisplayMessage":false,"stepsCount":0,"attachmentsCount":0,"hasContent":false,"attachmentStep":false}],"testStage":{"description":"Validate end-to-end checkout for guest and registered users.\n\nThis test relies on the `setup_fixture` class-scoped fixture, which initializes\nall required page objects.\n\nArgs:\n    user_type (str): The type of user to test with. Can be:\n        * \"guest_user\" – goes through checkout without creating an account.\n        * \"registered_user\" – registers a new account and verifies order history.\n\nAsserts:\n    * A product can be successfully added to the cart.\n    * The coupon is applied and the order total is updated.\n    * An order number is generated upon successful checkout.\n    * For registered users, the order number appears in account history.\n","status":"broken","statusMessage":"selenium.common.exceptions.TimeoutException: Message: \nStacktrace:\n#0 0x55d079448fba <unknown>\n#1 0x55d078ecd6d0 <unknown>\n#2 0x55d078f1f2aa <unknown>\n#3 0x55d078f1f541 <unknown>\n#4 0x55d078f6d6c4 <unknown>\n#5 0x55d078f44e5d <unknown>\n#6 0x55d078f6ab54 <unknown>\n#7 0x55d078f44c03 <unknown>\n#8 0x55d078f117a8 <unknown>\n#9 0x55d078f12421 <unknown>\n#10 0x55d07940db28 <unknown>\n#11 0x55d07941187f <unknown>\n#12 0x55d0793f5c49 <unknown>\n#13 0x55d079412405 <unknown>\n#14 0x55d0793db4ff <unknown>\n#15 0x55d079436258 <unknown>\n#16 0x55d079436432 <unknown>\n#17 0x55d079447fa3 <unknown>\n#18 0x7f4983ddeaa4 <unknown>\n#19 0x7f4983e6ba64 __clone","statusTrace":"self = <end_to_end.test_end_to_end_checkout_guest_user.TestEndToEndCheckout object at 0x7fa94af8e710>\nuser_type = 'registered_user'\n\n    @pytest.mark.tcid33\n    @pytest.mark.pioneertcid3\n    def test_end_to_end_checkout(self, user_type):\n        \"\"\"Validate end-to-end checkout for guest and registered users.\n    \n        This test relies on the `setup_fixture` class-scoped fixture, which initializes\n        all required page objects.\n    \n        Args:\n            user_type (str): The type of user to test with. Can be:\n                * \"guest_user\" – goes through checkout without creating an account.\n                * \"registered_user\" – registers a new account and verifies order history.\n    \n        Asserts:\n            * A product can be successfully added to the cart.\n            * The coupon is applied and the order total is updated.\n            * An order number is generated upon successful checkout.\n            * For registered users, the order number appears in account history.\n        \"\"\"\n        if user_type == 'registered_user': # create a registered user\n            self.my_acc_so.go_to_my_account()\n            self.registered_email = generate_random_email_and_password()['email']\n            self.my_acc_so.input_register_email(self.registered_email)\n            self.my_acc_so.input_register_password(generate_random_email_and_password()['password'])\n            self.my_acc_so.click_register_button()\n    \n        # go to home page\n        self.home_page.go_to_home_page()\n    \n        # add item to cart\n        self.home_page.click_first_add_to_cart_button()\n    \n        # make sure the cart is updated before going to cart\n        self.header.wait_until_cart_item_count(1)\n    \n        # go to cart\n        self.header.click_on_cart_on_right_header()\n    \n        # verify there are items in the cart\n        product_names = self.cart_page.get_all_product_names_in_cart()\n        assert len(product_names) == 1, f\"Expected 1 product in cart but found {len(product_names)}\"\n    \n        #  apply coupon\n        self.cart_page.click_apply_coupon_arrow()\n        coupon_code = MainConfigs.get_coupon_code('FREE_COUPON')\n        self.cart_page.apply_coupon(coupon_code)\n        self.cart_page.verify_order_total_is_0()\n    \n        # proceed to checkout\n        self.cart_page.click_on_proceed_to_checkout()\n    \n        # fill in checkout form\n        if user_type == 'registered_user':\n            self.checkout_page.fill_in_billing_info()\n        else:\n            self.checkout_page.fill_in_billing_info()\n    \n        # submit\n        self.checkout_page.click_place_order()\n        self.checkout_page.click_place_order()\n    \n        # verify order is placed\n        self.order_received.verify_order_received_page_loaded()\n        order_number = self.order_received.get_order_number()\n    \n        logger.info(f\"Created order with order number: {order_number}\")\n    \n        # if registered user, go to orders page to verify order exists\n        if user_type == 'registered_user':\n            self.my_acc_so.go_to_my_account()\n>           self.my_acc_si.go_to_orders()\n\ntests/frontend/end_to_end/test_end_to_end_checkout_guest_user.py:132: \n_ _ _ _ _ _ _ _ _ _ _ _ _ _ _ _ _ _ _ _ _ _ _ _ _ _ _ _ _ _ _ _ _ _ _ _ _ _ _ _ \nsrc/pages/MyAccountSignedInPage.py:29: in go_to_orders\n    self.sl.wait_and_click(self.ORDERS)\nsrc/selenium_extended/SeleniumExtended.py:60: in wait_and_click\n    element = WebDriverWait(self.driver, timeout).until(\n_ _ _ _ _ _ _ _ _ _ _ _ _ _ _ _ _ _ _ _ _ _ _ _ _ _ _ _ _ _ _ _ _ _ _ _ _ _ _ _ \n\nself = <selenium.webdriver.support.wait.WebDriverWait (session=\"4f4330bd7ea897b2e214bf8067a17a46\")>\nmethod = <function element_to_be_clickable.<locals>._predicate at 0x7fa94b03efc0>\nmessage = ''\n\n    def until(self, method: Callable[[D], Union[Literal[False], T]], message: str = \"\") -> T:\n        \"\"\"Wait until the method returns a value that is not False.\n    \n        Calls the method provided with the driver as an argument until the\n        return value does not evaluate to ``False``.\n    \n        Parameters:\n        ----------\n        method: callable(WebDriver)\n            - A callable object that takes a WebDriver instance as an argument.\n    \n        message: str\n            - Optional message for :exc:`TimeoutException`\n    \n        Return:\n        -------\n        object: T\n            - The result of the last call to `method`\n    \n        Raises:\n        -------\n        TimeoutException\n            - If 'method' does not return a truthy value within the WebDriverWait\n            object's timeout\n    \n        Example:\n        --------\n        >>> from selenium.webdriver.common.by import By\n        >>> from selenium.webdriver.support.ui import WebDriverWait\n        >>> from selenium.webdriver.support import expected_conditions as EC\n    \n        # Wait until an element is visible on the page\n        >>> wait = WebDriverWait(driver, 10)\n        >>> element = wait.until(EC.visibility_of_element_located((By.ID, \"exampleId\")))\n        >>> print(element.text)\n        \"\"\"\n        screen = None\n        stacktrace = None\n    \n        end_time = time.monotonic() + self._timeout\n        while True:\n            try:\n                value = method(self._driver)\n                if value:\n                    return value\n            except self._ignored_exceptions as exc:\n                screen = getattr(exc, \"screen\", None)\n                stacktrace = getattr(exc, \"stacktrace\", None)\n            if time.monotonic() > end_time:\n                break\n            time.sleep(self._poll)\n>       raise TimeoutException(message, screen, stacktrace)\nE       selenium.common.exceptions.TimeoutException: Message: \nE       Stacktrace:\nE       #0 0x55d079448fba <unknown>\nE       #1 0x55d078ecd6d0 <unknown>\nE       #2 0x55d078f1f2aa <unknown>\nE       #3 0x55d078f1f541 <unknown>\nE       #4 0x55d078f6d6c4 <unknown>\nE       #5 0x55d078f44e5d <unknown>\nE       #6 0x55d078f6ab54 <unknown>\nE       #7 0x55d078f44c03 <unknown>\nE       #8 0x55d078f117a8 <unknown>\nE       #9 0x55d078f12421 <unknown>\nE       #10 0x55d07940db28 <unknown>\nE       #11 0x55d07941187f <unknown>\nE       #12 0x55d0793f5c49 <unknown>\nE       #13 0x55d079412405 <unknown>\nE       #14 0x55d0793db4ff <unknown>\nE       #15 0x55d079436258 <unknown>\nE       #16 0x55d079436432 <unknown>\nE       #17 0x55d079447fa3 <unknown>\nE       #18 0x7f4983ddeaa4 <unknown>\nE       #19 0x7f4983e6ba64 __clone\n\n/opt/hostedtoolcache/Python/3.13.7/x64/lib/python3.13/site-packages/selenium/webdriver/support/wait.py:146: TimeoutException","steps":[],"attachments":[{"uid":"d022ee5a67801ad0","name":"log","source":"d022ee5a67801ad0.txt","type":"text/plain","size":63}],"parameters":[],"shouldDisplayMessage":true,"stepsCount":0,"attachmentsCount":1,"hasContent":true,"attachmentStep":false},"afterStages":[{"name":"init_driver::0","time":{"start":1759251055347,"stop":1759251055435,"duration":88},"status":"passed","steps":[],"attachments":[],"parameters":[],"shouldDisplayMessage":false,"stepsCount":0,"attachmentsCount":0,"hasContent":false,"attachmentStep":false},{"name":"init_driver::0","time":{"start":1759251057385,"stop":1759251057458,"duration":73},"status":"passed","steps":[],"attachments":[],"parameters":[],"shouldDisplayMessage":false,"stepsCount":0,"attachmentsCount":0,"hasContent":false,"attachmentStep":false}],"labels":[{"name":"tag","value":"pioneertcid3"},{"name":"tag","value":"tcid33"},{"name":"tag","value":"efe124"},{"name":"tag","value":"feregression"},{"name":"tag","value":"end_to_end"},{"name":"parentSuite","value":"tests.frontend.end_to_end"},{"name":"suite","value":"test_end_to_end_checkout_guest_user"},{"name":"subSuite","value":"TestEndToEndCheckout"},{"name":"host","value":"runnervm3ublj"},{"name":"thread","value":"2649-MainThread"},{"name":"framework","value":"pytest"},{"name":"language","value":"cpython3"},{"name":"package","value":"tests.frontend.end_to_end.test_end_to_end_checkout_guest_user"},{"name":"resultFormat","value":"allure2"}],"parameters":[{"name":"user_type","value":"'registered_user'"}],"links":[],"hidden":true,"retry":true,"extra":{"categories":[],"tags":["pioneertcid3","feregression","efe124","end_to_end","tcid33"]},"source":"e4adcd4a8528384c.json","parameterValues":["'registered_user'"]}