{"uid":"efbb97e6dbb40732","name":"test_verify_my_acct_header","fullName":"tests.frontend.my_account.test_my_account_signed_in.TestMyAccountSignedIn#test_verify_my_acct_header","historyId":"800063453fb0262af1d05b7617d19f4a","time":{"start":1759614495313,"stop":1759614500379,"duration":5066},"description":"Verify that the My Account page heading is displayed correctly.\n\nThis test ensures that when navigating to the My Account page,\nthe correct header text ('My account') is shown, indicating\nthat the user has successfully reached the My Account section.\n\n","descriptionHtml":"<p>Verify that the My Account page heading is displayed correctly.</p>\n<p>This test ensures that when navigating to the My Account page,<br />\nthe correct header text ('My account') is shown, indicating<br />\nthat the user has successfully reached the My Account section.</p>\n","status":"broken","statusMessage":"selenium.common.exceptions.TimeoutException: Message: Element with locator ('css selector', 'h1.entry-title') not found after timeout of 5\nStacktrace:\nRemoteError@chrome://remote/content/shared/RemoteError.sys.mjs:8:8\nWebDriverError@chrome://remote/content/shared/webdriver/Errors.sys.mjs:202:5\nNoSuchElementError@chrome://remote/content/shared/webdriver/Errors.sys.mjs:555:5\ndom.find/</<@chrome://remote/content/shared/DOM.sys.mjs:136:16","statusTrace":"self = <test_my_account_signed_in.TestMyAccountSignedIn object at 0x7f72c2843610>\n\n    @pytest.mark.efe62\n    def test_verify_my_acct_header(self):\n        \"\"\"Verify that the My Account page heading is displayed correctly.\n    \n        This test ensures that when navigating to the My Account page,\n        the correct header text ('My account') is shown, indicating\n        that the user has successfully reached the My Account section.\n    \n        \"\"\"\n        myacct = MyAccountSignedOutPage(self.driver)\n        expected_header = 'My account'\n>       header = myacct.get_my_acct_header()\n\ntests/frontend/my_account/test_my_account_signed_in.py:32: \n_ _ _ _ _ _ _ _ _ _ _ _ _ _ _ _ _ _ _ _ _ _ _ _ _ _ _ _ _ _ _ _ _ _ _ _ _ _ _ _ \nsrc/pages/MyAccountSignedOutPage.py:72: in get_my_acct_header\n    return self.sl.wait_and_get_text(self.MY_ACCOUNT_HEADER)\nsrc/selenium_extended/SeleniumExtended.py:184: in wait_and_get_text\n    elm = self.wait_until_element_is_visible(locator, timeout)\nsrc/selenium_extended/SeleniumExtended.py:108: in wait_until_element_is_visible\n    elem = WebDriverWait(self.driver, timeout).until(\n_ _ _ _ _ _ _ _ _ _ _ _ _ _ _ _ _ _ _ _ _ _ _ _ _ _ _ _ _ _ _ _ _ _ _ _ _ _ _ _ \n\nself = <selenium.webdriver.support.wait.WebDriverWait (session=\"c46f3224-7b94-4127-830c-7c773cef3206\")>\nmethod = <function visibility_of_element_located.<locals>._predicate at 0x7f72c2774ea0>\nmessage = \"Element with locator ('css selector', 'h1.entry-title') not found after timeout of 5\"\n\n    def until(self, method: Callable[[D], Union[Literal[False], T]], message: str = \"\") -> T:\n        \"\"\"Wait until the method returns a value that is not False.\n    \n        Calls the method provided with the driver as an argument until the\n        return value does not evaluate to ``False``.\n    \n        Parameters:\n        ----------\n        method: callable(WebDriver)\n            - A callable object that takes a WebDriver instance as an argument.\n    \n        message: str\n            - Optional message for :exc:`TimeoutException`\n    \n        Return:\n        -------\n        object: T\n            - The result of the last call to `method`\n    \n        Raises:\n        -------\n        TimeoutException\n            - If 'method' does not return a truthy value within the WebDriverWait\n            object's timeout\n    \n        Example:\n        --------\n        >>> from selenium.webdriver.common.by import By\n        >>> from selenium.webdriver.support.ui import WebDriverWait\n        >>> from selenium.webdriver.support import expected_conditions as EC\n    \n        # Wait until an element is visible on the page\n        >>> wait = WebDriverWait(driver, 10)\n        >>> element = wait.until(EC.visibility_of_element_located((By.ID, \"exampleId\")))\n        >>> print(element.text)\n        \"\"\"\n        screen = None\n        stacktrace = None\n    \n        end_time = time.monotonic() + self._timeout\n        while True:\n            try:\n                value = method(self._driver)\n                if value:\n                    return value\n            except self._ignored_exceptions as exc:\n                screen = getattr(exc, \"screen\", None)\n                stacktrace = getattr(exc, \"stacktrace\", None)\n            if time.monotonic() > end_time:\n                break\n            time.sleep(self._poll)\n>       raise TimeoutException(message, screen, stacktrace)\nE       selenium.common.exceptions.TimeoutException: Message: Element with locator ('css selector', 'h1.entry-title') not found after timeout of 5\nE       Stacktrace:\nE       RemoteError@chrome://remote/content/shared/RemoteError.sys.mjs:8:8\nE       WebDriverError@chrome://remote/content/shared/webdriver/Errors.sys.mjs:202:5\nE       NoSuchElementError@chrome://remote/content/shared/webdriver/Errors.sys.mjs:555:5\nE       dom.find/</<@chrome://remote/content/shared/DOM.sys.mjs:136:16\n\n/opt/hostedtoolcache/Python/3.13.7/x64/lib/python3.13/site-packages/selenium/webdriver/support/wait.py:146: TimeoutException","flaky":false,"newFailed":false,"newBroken":false,"newPassed":false,"retriesCount":1,"retriesStatusChange":false,"beforeStages":[{"name":"init_driver","time":{"start":1759614493841,"stop":1759614495313,"duration":1472},"status":"passed","steps":[],"attachments":[],"parameters":[],"shouldDisplayMessage":false,"stepsCount":0,"attachmentsCount":0,"hasContent":false,"attachmentStep":false}],"afterStages":[{"name":"init_driver::0","time":{"start":1759614503549,"stop":1759614504189,"duration":640},"status":"passed","steps":[],"attachments":[],"parameters":[],"shouldDisplayMessage":false,"stepsCount":0,"attachmentsCount":0,"hasContent":false,"attachmentStep":false}],"labels":[{"name":"tag","value":"efe62"},{"name":"tag","value":"feregression"},{"name":"tag","value":"fesmoke"},{"name":"tag","value":"my_account"},{"name":"parentSuite","value":"tests.frontend.my_account"},{"name":"suite","value":"test_my_account_signed_in"},{"name":"subSuite","value":"TestMyAccountSignedIn"},{"name":"host","value":"runnervmwhb2z"},{"name":"thread","value":"2740-MainThread"},{"name":"framework","value":"pytest"},{"name":"language","value":"cpython3"},{"name":"package","value":"tests.frontend.my_account.test_my_account_signed_in"},{"name":"resultFormat","value":"allure2"}],"parameters":[],"links":[],"hidden":false,"retry":false,"extra":{"severity":"normal","retries":[{"uid":"890e50a44c2350c2","status":"broken","statusDetails":"selenium.common.exceptions.TimeoutException: Message: Element with locator ('css selector', 'h1.entry-title') not found after timeout of 5\nStacktrace:\n#0 0x5610a92f933a <unknown>\n#1 0x5610a8d776e6 <unknown>\n#2 0x5610a8dc9854 <unknown>\n#3 0x5610a8dc9af1 <unknown>\n#4 0x5610a8e18024 <unknown>\n#5 0x5610a8def80d <unknown>\n#6 0x5610a8e154b8 <unknown>\n#7 0x5610a8def5b3 <unknown>\n#8 0x5610a8dbbcc2 <unknown>\n#9 0x5610a8dbc981 <unknown>\n#10 0x5610a92bbba8 <unknown>\n#11 0x5610a92bfa17 <unknown>\n#12 0x5610a92a30c9 <unknown>\n#13 0x5610a92c05c5 <unknown>\n#14 0x5610a928890f <unknown>\n#15 0x5610a92e5898 <unknown>\n#16 0x5610a92e5a73 <unknown>\n#17 0x5610a92f82d3 <unknown>\n#18 0x7f700cb57aa4 <unknown>\n#19 0x7f700cbe4a64 __clone","time":{"start":1759614469008,"stop":1759614474155,"duration":5147}}],"categories":[{"name":"Test defects","matchedStatuses":[],"flaky":false}],"tags":["feregression","my_account","fesmoke","efe62"]},"source":"efbb97e6dbb40732.json","parameterValues":[]}