{"uid":"f81f448048704918","name":"test_end_to_end_checkout[registered_user]","fullName":"tests.frontend.end_to_end.test_end_to_end_checkout_guest_user.TestEndToEndCheckout#test_end_to_end_checkout","historyId":"a8cf3a7e4488d16df1050e898afee4ac","time":{"start":1758820629397,"stop":1758820650523,"duration":21126},"description":"Validate end-to-end checkout for guest and registered users.\n\nThis test relies on the `setup_fixture` class-scoped fixture, which initializes\nall required page objects.\n\nArgs:\n    user_type (str): The type of user to test with. Can be:\n        * \"guest_user\" – goes through checkout without creating an account.\n        * \"registered_user\" – registers a new account and verifies order history.\n\nAsserts:\n    * A product can be successfully added to the cart.\n    * The coupon is applied and the order total is updated.\n    * An order number is generated upon successful checkout.\n    * For registered users, the order number appears in account history.\n","descriptionHtml":"<p>Validate end-to-end checkout for guest and registered users.</p>\n<p>This test relies on the <code>setup_fixture</code> class-scoped fixture, which initializes<br />\nall required page objects.</p>\n<p>Args:<br />\nuser_type (str): The type of user to test with. Can be:<br />\n* &quot;guest_user&quot; – goes through checkout without creating an account.<br />\n* &quot;registered_user&quot; – registers a new account and verifies order history.</p>\n<p>Asserts:<br />\n* A product can be successfully added to the cart.<br />\n* The coupon is applied and the order total is updated.<br />\n* An order number is generated upon successful checkout.<br />\n* For registered users, the order number appears in account history.</p>\n","status":"broken","statusMessage":"selenium.common.exceptions.TimeoutException: Message: \nStacktrace:\nRemoteError@chrome://remote/content/shared/RemoteError.sys.mjs:8:8\nWebDriverError@chrome://remote/content/shared/webdriver/Errors.sys.mjs:199:5\nNoSuchElementError@chrome://remote/content/shared/webdriver/Errors.sys.mjs:552:5\ndom.find/</<@chrome://remote/content/shared/DOM.sys.mjs:136:16","statusTrace":"self = <end_to_end.test_end_to_end_checkout_guest_user.TestEndToEndCheckout object at 0x7f76f4bd6710>\nuser_type = 'registered_user'\n\n    @pytest.mark.tcid33\n    @pytest.mark.pioneertcid3\n    def test_end_to_end_checkout(self, user_type):\n        \"\"\"Validate end-to-end checkout for guest and registered users.\n    \n        This test relies on the `setup_fixture` class-scoped fixture, which initializes\n        all required page objects.\n    \n        Args:\n            user_type (str): The type of user to test with. Can be:\n                * \"guest_user\" – goes through checkout without creating an account.\n                * \"registered_user\" – registers a new account and verifies order history.\n    \n        Asserts:\n            * A product can be successfully added to the cart.\n            * The coupon is applied and the order total is updated.\n            * An order number is generated upon successful checkout.\n            * For registered users, the order number appears in account history.\n        \"\"\"\n        if user_type == 'registered_user': # create a registered user\n            self.my_acc_so.go_to_my_account()\n            self.registered_email = generate_random_email_and_password()['email']\n            self.my_acc_so.input_register_email(self.registered_email)\n            self.my_acc_so.input_register_password(generate_random_email_and_password()['password'])\n            self.my_acc_so.click_register_button()\n    \n        # go to home page\n        self.home_page.go_to_home_page()\n    \n        # add item to cart\n        self.home_page.click_first_add_to_cart_button()\n    \n        # make sure the cart is updated before going to cart\n        self.header.wait_until_cart_item_count(1)\n    \n        # go to cart\n        self.header.click_on_cart_on_right_header()\n    \n        # verify there are items in the cart\n        product_names = self.cart_page.get_all_product_names_in_cart()\n        assert len(product_names) == 1, f\"Expected 1 product in cart but found {len(product_names)}\"\n    \n        #  apply coupon\n        self.cart_page.click_apply_coupon_arrow()\n        coupon_code = MainConfigs.get_coupon_code('FREE_COUPON')\n        self.cart_page.apply_coupon(coupon_code)\n        self.cart_page.verify_order_total_is_0()\n    \n        # proceed to checkout\n        self.cart_page.click_on_proceed_to_checkout()\n    \n        # fill in checkout form\n        if user_type == 'registered_user':\n            self.checkout_page.fill_in_billing_info()\n        else:\n            self.checkout_page.fill_in_billing_info()\n    \n        # submit\n        self.checkout_page.click_place_order()\n        self.checkout_page.click_place_order()\n    \n        # verify order is placed\n        self.order_received.verify_order_received_page_loaded()\n        order_number = self.order_received.get_order_number()\n    \n        logger.info(f\"Created order with order number: {order_number}\")\n    \n        # if registered user, go to orders page to verify order exists\n        if user_type == 'registered_user':\n            self.my_acc_so.go_to_my_account()\n>           self.my_acc_si.go_to_orders()\n\ntests/frontend/end_to_end/test_end_to_end_checkout_guest_user.py:132: \n_ _ _ _ _ _ _ _ _ _ _ _ _ _ _ _ _ _ _ _ _ _ _ _ _ _ _ _ _ _ _ _ _ _ _ _ _ _ _ _ \nsrc/pages/MyAccountSignedInPage.py:29: in go_to_orders\n    self.sl.wait_and_click(self.ORDERS)\nsrc/selenium_extended/SeleniumExtended.py:60: in wait_and_click\n    element = WebDriverWait(self.driver, timeout).until(\n_ _ _ _ _ _ _ _ _ _ _ _ _ _ _ _ _ _ _ _ _ _ _ _ _ _ _ _ _ _ _ _ _ _ _ _ _ _ _ _ \n\nself = <selenium.webdriver.support.wait.WebDriverWait (session=\"524b53c7-f178-4a5e-a245-648b699cd857\")>\nmethod = <function element_to_be_clickable.<locals>._predicate at 0x7f76f4a47380>\nmessage = ''\n\n    def until(self, method: Callable[[D], Union[Literal[False], T]], message: str = \"\") -> T:\n        \"\"\"Wait until the method returns a value that is not False.\n    \n        Calls the method provided with the driver as an argument until the\n        return value does not evaluate to ``False``.\n    \n        Parameters:\n        ----------\n        method: callable(WebDriver)\n            - A callable object that takes a WebDriver instance as an argument.\n    \n        message: str\n            - Optional message for :exc:`TimeoutException`\n    \n        Return:\n        -------\n        object: T\n            - The result of the last call to `method`\n    \n        Raises:\n        -------\n        TimeoutException\n            - If 'method' does not return a truthy value within the WebDriverWait\n            object's timeout\n    \n        Example:\n        --------\n        >>> from selenium.webdriver.common.by import By\n        >>> from selenium.webdriver.support.ui import WebDriverWait\n        >>> from selenium.webdriver.support import expected_conditions as EC\n    \n        # Wait until an element is visible on the page\n        >>> wait = WebDriverWait(driver, 10)\n        >>> element = wait.until(EC.visibility_of_element_located((By.ID, \"exampleId\")))\n        >>> print(element.text)\n        \"\"\"\n        screen = None\n        stacktrace = None\n    \n        end_time = time.monotonic() + self._timeout\n        while True:\n            try:\n                value = method(self._driver)\n                if value:\n                    return value\n            except self._ignored_exceptions as exc:\n                screen = getattr(exc, \"screen\", None)\n                stacktrace = getattr(exc, \"stacktrace\", None)\n            if time.monotonic() > end_time:\n                break\n            time.sleep(self._poll)\n>       raise TimeoutException(message, screen, stacktrace)\nE       selenium.common.exceptions.TimeoutException: Message: \nE       Stacktrace:\nE       RemoteError@chrome://remote/content/shared/RemoteError.sys.mjs:8:8\nE       WebDriverError@chrome://remote/content/shared/webdriver/Errors.sys.mjs:199:5\nE       NoSuchElementError@chrome://remote/content/shared/webdriver/Errors.sys.mjs:552:5\nE       dom.find/</<@chrome://remote/content/shared/DOM.sys.mjs:136:16\n\n/opt/hostedtoolcache/Python/3.13.7/x64/lib/python3.13/site-packages/selenium/webdriver/support/wait.py:146: TimeoutException","flaky":false,"newFailed":false,"newBroken":false,"newPassed":false,"retriesCount":1,"retriesStatusChange":false,"beforeStages":[{"name":"init_driver","time":{"start":1758820611841,"stop":1758820613308,"duration":1467},"status":"passed","steps":[],"attachments":[],"parameters":[],"shouldDisplayMessage":false,"stepsCount":0,"attachmentsCount":0,"hasContent":false,"attachmentStep":false},{"name":"setup_fixture","time":{"start":1758820613309,"stop":1758820613309,"duration":0},"status":"passed","steps":[],"attachments":[],"parameters":[],"shouldDisplayMessage":false,"stepsCount":0,"attachmentsCount":0,"hasContent":false,"attachmentStep":false},{"name":"init_driver","time":{"start":1758820651227,"stop":1758820652705,"duration":1478},"status":"passed","steps":[],"attachments":[],"parameters":[],"shouldDisplayMessage":false,"stepsCount":0,"attachmentsCount":0,"hasContent":false,"attachmentStep":false}],"testStage":{"description":"Validate end-to-end checkout for guest and registered users.\n\nThis test relies on the `setup_fixture` class-scoped fixture, which initializes\nall required page objects.\n\nArgs:\n    user_type (str): The type of user to test with. Can be:\n        * \"guest_user\" – goes through checkout without creating an account.\n        * \"registered_user\" – registers a new account and verifies order history.\n\nAsserts:\n    * A product can be successfully added to the cart.\n    * The coupon is applied and the order total is updated.\n    * An order number is generated upon successful checkout.\n    * For registered users, the order number appears in account history.\n","status":"broken","statusMessage":"selenium.common.exceptions.TimeoutException: Message: \nStacktrace:\nRemoteError@chrome://remote/content/shared/RemoteError.sys.mjs:8:8\nWebDriverError@chrome://remote/content/shared/webdriver/Errors.sys.mjs:199:5\nNoSuchElementError@chrome://remote/content/shared/webdriver/Errors.sys.mjs:552:5\ndom.find/</<@chrome://remote/content/shared/DOM.sys.mjs:136:16","statusTrace":"self = <end_to_end.test_end_to_end_checkout_guest_user.TestEndToEndCheckout object at 0x7f76f4bd6710>\nuser_type = 'registered_user'\n\n    @pytest.mark.tcid33\n    @pytest.mark.pioneertcid3\n    def test_end_to_end_checkout(self, user_type):\n        \"\"\"Validate end-to-end checkout for guest and registered users.\n    \n        This test relies on the `setup_fixture` class-scoped fixture, which initializes\n        all required page objects.\n    \n        Args:\n            user_type (str): The type of user to test with. Can be:\n                * \"guest_user\" – goes through checkout without creating an account.\n                * \"registered_user\" – registers a new account and verifies order history.\n    \n        Asserts:\n            * A product can be successfully added to the cart.\n            * The coupon is applied and the order total is updated.\n            * An order number is generated upon successful checkout.\n            * For registered users, the order number appears in account history.\n        \"\"\"\n        if user_type == 'registered_user': # create a registered user\n            self.my_acc_so.go_to_my_account()\n            self.registered_email = generate_random_email_and_password()['email']\n            self.my_acc_so.input_register_email(self.registered_email)\n            self.my_acc_so.input_register_password(generate_random_email_and_password()['password'])\n            self.my_acc_so.click_register_button()\n    \n        # go to home page\n        self.home_page.go_to_home_page()\n    \n        # add item to cart\n        self.home_page.click_first_add_to_cart_button()\n    \n        # make sure the cart is updated before going to cart\n        self.header.wait_until_cart_item_count(1)\n    \n        # go to cart\n        self.header.click_on_cart_on_right_header()\n    \n        # verify there are items in the cart\n        product_names = self.cart_page.get_all_product_names_in_cart()\n        assert len(product_names) == 1, f\"Expected 1 product in cart but found {len(product_names)}\"\n    \n        #  apply coupon\n        self.cart_page.click_apply_coupon_arrow()\n        coupon_code = MainConfigs.get_coupon_code('FREE_COUPON')\n        self.cart_page.apply_coupon(coupon_code)\n        self.cart_page.verify_order_total_is_0()\n    \n        # proceed to checkout\n        self.cart_page.click_on_proceed_to_checkout()\n    \n        # fill in checkout form\n        if user_type == 'registered_user':\n            self.checkout_page.fill_in_billing_info()\n        else:\n            self.checkout_page.fill_in_billing_info()\n    \n        # submit\n        self.checkout_page.click_place_order()\n        self.checkout_page.click_place_order()\n    \n        # verify order is placed\n        self.order_received.verify_order_received_page_loaded()\n        order_number = self.order_received.get_order_number()\n    \n        logger.info(f\"Created order with order number: {order_number}\")\n    \n        # if registered user, go to orders page to verify order exists\n        if user_type == 'registered_user':\n            self.my_acc_so.go_to_my_account()\n>           self.my_acc_si.go_to_orders()\n\ntests/frontend/end_to_end/test_end_to_end_checkout_guest_user.py:132: \n_ _ _ _ _ _ _ _ _ _ _ _ _ _ _ _ _ _ _ _ _ _ _ _ _ _ _ _ _ _ _ _ _ _ _ _ _ _ _ _ \nsrc/pages/MyAccountSignedInPage.py:29: in go_to_orders\n    self.sl.wait_and_click(self.ORDERS)\nsrc/selenium_extended/SeleniumExtended.py:60: in wait_and_click\n    element = WebDriverWait(self.driver, timeout).until(\n_ _ _ _ _ _ _ _ _ _ _ _ _ _ _ _ _ _ _ _ _ _ _ _ _ _ _ _ _ _ _ _ _ _ _ _ _ _ _ _ \n\nself = <selenium.webdriver.support.wait.WebDriverWait (session=\"524b53c7-f178-4a5e-a245-648b699cd857\")>\nmethod = <function element_to_be_clickable.<locals>._predicate at 0x7f76f4a47380>\nmessage = ''\n\n    def until(self, method: Callable[[D], Union[Literal[False], T]], message: str = \"\") -> T:\n        \"\"\"Wait until the method returns a value that is not False.\n    \n        Calls the method provided with the driver as an argument until the\n        return value does not evaluate to ``False``.\n    \n        Parameters:\n        ----------\n        method: callable(WebDriver)\n            - A callable object that takes a WebDriver instance as an argument.\n    \n        message: str\n            - Optional message for :exc:`TimeoutException`\n    \n        Return:\n        -------\n        object: T\n            - The result of the last call to `method`\n    \n        Raises:\n        -------\n        TimeoutException\n            - If 'method' does not return a truthy value within the WebDriverWait\n            object's timeout\n    \n        Example:\n        --------\n        >>> from selenium.webdriver.common.by import By\n        >>> from selenium.webdriver.support.ui import WebDriverWait\n        >>> from selenium.webdriver.support import expected_conditions as EC\n    \n        # Wait until an element is visible on the page\n        >>> wait = WebDriverWait(driver, 10)\n        >>> element = wait.until(EC.visibility_of_element_located((By.ID, \"exampleId\")))\n        >>> print(element.text)\n        \"\"\"\n        screen = None\n        stacktrace = None\n    \n        end_time = time.monotonic() + self._timeout\n        while True:\n            try:\n                value = method(self._driver)\n                if value:\n                    return value\n            except self._ignored_exceptions as exc:\n                screen = getattr(exc, \"screen\", None)\n                stacktrace = getattr(exc, \"stacktrace\", None)\n            if time.monotonic() > end_time:\n                break\n            time.sleep(self._poll)\n>       raise TimeoutException(message, screen, stacktrace)\nE       selenium.common.exceptions.TimeoutException: Message: \nE       Stacktrace:\nE       RemoteError@chrome://remote/content/shared/RemoteError.sys.mjs:8:8\nE       WebDriverError@chrome://remote/content/shared/webdriver/Errors.sys.mjs:199:5\nE       NoSuchElementError@chrome://remote/content/shared/webdriver/Errors.sys.mjs:552:5\nE       dom.find/</<@chrome://remote/content/shared/DOM.sys.mjs:136:16\n\n/opt/hostedtoolcache/Python/3.13.7/x64/lib/python3.13/site-packages/selenium/webdriver/support/wait.py:146: TimeoutException","steps":[],"attachments":[{"uid":"439c872a7f7e1cb8","name":"log","source":"439c872a7f7e1cb8.txt","type":"text/plain","size":63}],"parameters":[],"shouldDisplayMessage":true,"stepsCount":0,"attachmentsCount":1,"hasContent":true,"attachmentStep":false},"afterStages":[{"name":"init_driver::0","time":{"start":1758820650558,"stop":1758820651225,"duration":667},"status":"passed","steps":[],"attachments":[],"parameters":[],"shouldDisplayMessage":false,"stepsCount":0,"attachmentsCount":0,"hasContent":false,"attachmentStep":false},{"name":"init_driver::0","time":{"start":1758820653943,"stop":1758820654569,"duration":626},"status":"passed","steps":[],"attachments":[],"parameters":[],"shouldDisplayMessage":false,"stepsCount":0,"attachmentsCount":0,"hasContent":false,"attachmentStep":false}],"labels":[{"name":"tag","value":"pioneertcid3"},{"name":"tag","value":"tcid33"},{"name":"tag","value":"efe124"},{"name":"tag","value":"feregression"},{"name":"tag","value":"end_to_end"},{"name":"parentSuite","value":"tests.frontend.end_to_end"},{"name":"suite","value":"test_end_to_end_checkout_guest_user"},{"name":"subSuite","value":"TestEndToEndCheckout"},{"name":"host","value":"runnervm3ublj"},{"name":"thread","value":"2640-MainThread"},{"name":"framework","value":"pytest"},{"name":"language","value":"cpython3"},{"name":"package","value":"tests.frontend.end_to_end.test_end_to_end_checkout_guest_user"},{"name":"resultFormat","value":"allure2"}],"parameters":[{"name":"user_type","value":"'registered_user'"}],"links":[],"hidden":false,"retry":false,"extra":{"severity":"normal","retries":[{"uid":"7c40139639e1ae9d","status":"broken","statusDetails":"selenium.common.exceptions.TimeoutException: Message: \nStacktrace:\n#0 0x557c6777294a <unknown>\n#1 0x557c671e78a0 <unknown>\n#2 0x557c67239540 <unknown>\n#3 0x557c67239731 <unknown>\n#4 0x557c67287824 <unknown>\n#5 0x557c6725f05d <unknown>\n#6 0x557c67284c23 <unknown>\n#7 0x557c6725ee03 <unknown>\n#8 0x557c6722b968 <unknown>\n#9 0x557c6722c5e1 <unknown>\n#10 0x557c67736548 <unknown>\n#11 0x557c6773a272 <unknown>\n#12 0x557c6771d313 <unknown>\n#13 0x557c6773adc5 <unknown>\n#14 0x557c6770249f <unknown>\n#15 0x557c6775f158 <unknown>\n#16 0x557c6775f332 <unknown>\n#17 0x557c67771a53 <unknown>\n#18 0x7fda37f33aa4 <unknown>\n#19 0x7fda37fc0a34 __clone","time":{"start":1758820625219,"stop":1758820645779,"duration":20560}}],"categories":[{"name":"Test defects","matchedStatuses":[],"flaky":false}],"tags":["pioneertcid3","feregression","efe124","end_to_end","tcid33"]},"source":"f81f448048704918.json","parameterValues":["'registered_user'"]}